{
  "RSpec": {
    "coverage": {
      "/home/algebraic-animator-0008/tic-tac-toe-rb-online-web-sp-000/lib/tic_tac_toe.rb": [
        null,
        1,
        null,
        null,
        null,
        null,
        null,
        null,
        null,
        null,
        null,
        1,
        3,
        3,
        3,
        3,
        3,
        null,
        null,
        1,
        9318,
        null,
        null,
        1,
        4,
        null,
        null,
        1,
        18645,
        null,
        null,
        1,
        18632,
        null,
        null,
        null,
        null,
        null,
        null,
        null,
        null,
        1,
        1,
        1,
        0,
        0,
        0,
        0,
        null,
        null,
        null,
        1,
        3,
        3,
        27,
        5,
        null,
        null,
        null,
        null,
        1,
        2,
        null,
        null,
        1,
        9316,
        9315,
        9315,
        9315,
        1,
        1,
        1,
        9314,
        9314,
        null,
        null,
        null,
        null,
        1,
        18,
        null,
        null,
        1,
        3,
        null,
        null,
        1,
        1,
        null,
        null,
        1,
        1,
        null,
        null,
        1,
        0,
        0,
        null,
        0,
        null,
        null
      ]
    },
    "timestamp": 1605630417
  }
}
