{
  "RSpec": {
    "coverage": {
      "/home/algebraic-animator-0008/tic-tac-toe-rb-online-web-sp-000/lib/tic_tac_toe.rb": [
        null,
        1,
        null,
        null,
        null,
        null,
        null,
        null,
        null,
        null,
        null,
        1,
        23,
        23,
        23,
        23,
        23,
        null,
        null,
        1,
        23,
        null,
        null,
        1,
        21,
        null,
        null,
        1,
        130,
        null,
        null,
        1,
        23,
        null,
        null,
        null,
        null,
        null,
        null,
        null,
        null,
        1,
        12,
        7,
        5,
        3,
        2,
        2,
        null,
        null,
        null,
        1,
        20,
        20,
        180,
        31,
        null,
        null,
        null,
        null,
        1,
        19,
        null,
        null,
        1,
        20,
        20,
        20,
        20,
        18,
        18,
        18,
        11,
        null,
        null,
        null,
        null,
        null,
        1,
        382,
        null,
        null,
        1,
        126,
        null,
        null,
        1,
        26,
        null,
        null,
        1,
        22,
        null,
        null,
        1,
        6,
        5,
        null,
        1,
        null,
        null
      ]
    },
    "timestamp": 1605630130
  }
}
